This is XeTeX, Version 3.141592653-2.6-0.999995 (TeX Live 2023/Arch Linux) (preloaded format=xelatex 2024.1.11)  15 FEB 2024 19:25
entering extended mode
 restricted \write18 enabled.
 %&-line parsing enabled.
**fasl1.tex
(./fasl1.tex
LaTeX2e <2022-11-01> patch level 1
L3 programming layer <2023-02-22>
(/usr/share/texmf-dist/tex/latex/base/article.cls
Document Class: article 2022/07/02 v1.4n Standard LaTeX document class
(/usr/share/texmf-dist/tex/latex/base/size12.clo
File: size12.clo 2022/07/02 v1.4n Standard LaTeX file (size option)
)
\c@part=\count181
\c@section=\count182
\c@subsection=\count183
\c@subsubsection=\count184
\c@paragraph=\count185
\c@subparagraph=\count186
\c@figure=\count187
\c@table=\count188
\abovecaptionskip=\skip48
\belowcaptionskip=\skip49
\bibindent=\dimen140
)
(/usr/share/texmf-dist/tex/latex/geometry/geometry.sty
Package: geometry 2020/01/02 v5.9 Page Geometry

(/usr/share/texmf-dist/tex/latex/graphics/keyval.sty
Package: keyval 2022/05/29 v1.15 key=value parser (DPC)
\KV@toks@=\toks16
)
(/usr/share/texmf-dist/tex/generic/iftex/ifvtex.sty
Package: ifvtex 2019/10/25 v1.7 ifvtex legacy package. Use iftex instead.

(/usr/share/texmf-dist/tex/generic/iftex/iftex.sty
Package: iftex 2022/02/03 v1.0f TeX engine tests
))
\Gm@cnth=\count189
\Gm@cntv=\count190
\c@Gm@tempcnt=\count191
\Gm@bindingoffset=\dimen141
\Gm@wd@mp=\dimen142
\Gm@odd@mp=\dimen143
\Gm@even@mp=\dimen144
\Gm@layoutwidth=\dimen145
\Gm@layoutheight=\dimen146
\Gm@layouthoffset=\dimen147
\Gm@layoutvoffset=\dimen148
\Gm@dimlist=\toks17
)
(/usr/share/texmf-dist/tex/latex/tikz-page/tikz-page.sty
Package: tikz-page 2016/08/22 (v1.0)

(/usr/share/texmf-dist/tex/latex/fancyhdr/fancyhdr.sty
Package: fancyhdr 2022/11/09 v4.1 Extensive control of page headers and footers

\f@nch@headwidth=\skip50
\f@nch@O@elh=\skip51
\f@nch@O@erh=\skip52
\f@nch@O@olh=\skip53
\f@nch@O@orh=\skip54
\f@nch@O@elf=\skip55
\f@nch@O@erf=\skip56
\f@nch@O@olf=\skip57
\f@nch@O@orf=\skip58
)
(/usr/share/texmf-dist/tex/latex/pgf/frontendlayer/tikz.sty
(/usr/share/texmf-dist/tex/latex/pgf/basiclayer/pgf.sty
(/usr/share/texmf-dist/tex/latex/pgf/utilities/pgfrcs.sty
(/usr/share/texmf-dist/tex/generic/pgf/utilities/pgfutil-common.tex
\pgfutil@everybye=\toks18
\pgfutil@tempdima=\dimen149
\pgfutil@tempdimb=\dimen150
)
(/usr/share/texmf-dist/tex/generic/pgf/utilities/pgfutil-latex.def
\pgfutil@abb=\box51
)
(/usr/share/texmf-dist/tex/generic/pgf/utilities/pgfrcs.code.tex
(/usr/share/texmf-dist/tex/generic/pgf/pgf.revision.tex)
Package: pgfrcs 2023-01-15 v3.1.10 (3.1.10)
))
Package: pgf 2023-01-15 v3.1.10 (3.1.10)

(/usr/share/texmf-dist/tex/latex/pgf/basiclayer/pgfcore.sty
(/usr/share/texmf-dist/tex/latex/graphics/graphicx.sty
Package: graphicx 2021/09/16 v1.2d Enhanced LaTeX Graphics (DPC,SPQR)

(/usr/share/texmf-dist/tex/latex/graphics/graphics.sty
Package: graphics 2022/03/10 v1.4e Standard LaTeX Graphics (DPC,SPQR)

(/usr/share/texmf-dist/tex/latex/graphics/trig.sty
Package: trig 2021/08/11 v1.11 sin cos tan (DPC)
)
(/usr/share/texmf-dist/tex/latex/graphics-cfg/graphics.cfg
File: graphics.cfg 2016/06/04 v1.11 sample graphics configuration
)
Package graphics Info: Driver file: xetex.def on input line 107.

(/usr/share/texmf-dist/tex/latex/graphics-def/xetex.def
File: xetex.def 2022/09/22 v5.0n Graphics/color driver for xetex
))
\Gin@req@height=\dimen151
\Gin@req@width=\dimen152
)
(/usr/share/texmf-dist/tex/latex/pgf/systemlayer/pgfsys.sty
(/usr/share/texmf-dist/tex/generic/pgf/systemlayer/pgfsys.code.tex
Package: pgfsys 2023-01-15 v3.1.10 (3.1.10)

(/usr/share/texmf-dist/tex/generic/pgf/utilities/pgfkeys.code.tex
\pgfkeys@pathtoks=\toks19
\pgfkeys@temptoks=\toks20

(/usr/share/texmf-dist/tex/generic/pgf/utilities/pgfkeyslibraryfiltered.code.te
x
\pgfkeys@tmptoks=\toks21
))
\pgf@x=\dimen153
\pgf@y=\dimen154
\pgf@xa=\dimen155
\pgf@ya=\dimen156
\pgf@xb=\dimen157
\pgf@yb=\dimen158
\pgf@xc=\dimen159
\pgf@yc=\dimen160
\pgf@xd=\dimen161
\pgf@yd=\dimen162
\w@pgf@writea=\write3
\r@pgf@reada=\read2
\c@pgf@counta=\count192
\c@pgf@countb=\count193
\c@pgf@countc=\count194
\c@pgf@countd=\count195
\t@pgf@toka=\toks22
\t@pgf@tokb=\toks23
\t@pgf@tokc=\toks24
\pgf@sys@id@count=\count196
 (/usr/share/texmf-dist/tex/generic/pgf/systemlayer/pgf.cfg
File: pgf.cfg 2023-01-15 v3.1.10 (3.1.10)
)
Driver file for pgf: pgfsys-xetex.def

(/usr/share/texmf-dist/tex/generic/pgf/systemlayer/pgfsys-xetex.def
File: pgfsys-xetex.def 2023-01-15 v3.1.10 (3.1.10)

(/usr/share/texmf-dist/tex/generic/pgf/systemlayer/pgfsys-dvipdfmx.def
File: pgfsys-dvipdfmx.def 2023-01-15 v3.1.10 (3.1.10)

(/usr/share/texmf-dist/tex/generic/pgf/systemlayer/pgfsys-common-pdf.def
File: pgfsys-common-pdf.def 2023-01-15 v3.1.10 (3.1.10)
)
\pgfsys@objnum=\count197
)))
(/usr/share/texmf-dist/tex/generic/pgf/systemlayer/pgfsyssoftpath.code.tex
File: pgfsyssoftpath.code.tex 2023-01-15 v3.1.10 (3.1.10)
\pgfsyssoftpath@smallbuffer@items=\count198
\pgfsyssoftpath@bigbuffer@items=\count199
)
(/usr/share/texmf-dist/tex/generic/pgf/systemlayer/pgfsysprotocol.code.tex
File: pgfsysprotocol.code.tex 2023-01-15 v3.1.10 (3.1.10)
))
(/usr/share/texmf-dist/tex/latex/xcolor/xcolor.sty
Package: xcolor 2022/06/12 v2.14 LaTeX color extensions (UK)

(/usr/share/texmf-dist/tex/latex/graphics-cfg/color.cfg
File: color.cfg 2016/01/02 v1.6 sample color configuration
)
Package xcolor Info: Driver file: xetex.def on input line 227.

(/usr/share/texmf-dist/tex/latex/graphics/mathcolor.ltx)
Package xcolor Info: Model `cmy' substituted by `cmy0' on input line 1353.
Package xcolor Info: Model `RGB' extended on input line 1369.
Package xcolor Info: Model `HTML' substituted by `rgb' on input line 1371.
Package xcolor Info: Model `Hsb' substituted by `hsb' on input line 1372.
Package xcolor Info: Model `tHsb' substituted by `hsb' on input line 1373.
Package xcolor Info: Model `HSB' substituted by `hsb' on input line 1374.
Package xcolor Info: Model `Gray' substituted by `gray' on input line 1375.
Package xcolor Info: Model `wave' substituted by `hsb' on input line 1376.
)
(/usr/share/texmf-dist/tex/generic/pgf/basiclayer/pgfcore.code.tex
Package: pgfcore 2023-01-15 v3.1.10 (3.1.10)

(/usr/share/texmf-dist/tex/generic/pgf/math/pgfmath.code.tex
(/usr/share/texmf-dist/tex/generic/pgf/math/pgfmathutil.code.tex)
(/usr/share/texmf-dist/tex/generic/pgf/math/pgfmathparser.code.tex
\pgfmath@dimen=\dimen163
\pgfmath@count=\count266
\pgfmath@box=\box52
\pgfmath@toks=\toks25
\pgfmath@stack@operand=\toks26
\pgfmath@stack@operation=\toks27
)
(/usr/share/texmf-dist/tex/generic/pgf/math/pgfmathfunctions.code.tex)
(/usr/share/texmf-dist/tex/generic/pgf/math/pgfmathfunctions.basic.code.tex)
(/usr/share/texmf-dist/tex/generic/pgf/math/pgfmathfunctions.trigonometric.code
.tex)
(/usr/share/texmf-dist/tex/generic/pgf/math/pgfmathfunctions.random.code.tex)
(/usr/share/texmf-dist/tex/generic/pgf/math/pgfmathfunctions.comparison.code.te
x) (/usr/share/texmf-dist/tex/generic/pgf/math/pgfmathfunctions.base.code.tex)
(/usr/share/texmf-dist/tex/generic/pgf/math/pgfmathfunctions.round.code.tex)
(/usr/share/texmf-dist/tex/generic/pgf/math/pgfmathfunctions.misc.code.tex)
(/usr/share/texmf-dist/tex/generic/pgf/math/pgfmathfunctions.integerarithmetics
.code.tex) (/usr/share/texmf-dist/tex/generic/pgf/math/pgfmathcalc.code.tex)
(/usr/share/texmf-dist/tex/generic/pgf/math/pgfmathfloat.code.tex
\c@pgfmathroundto@lastzeros=\count267
))
(/usr/share/texmf-dist/tex/generic/pgf/math/pgfint.code.tex)
(/usr/share/texmf-dist/tex/generic/pgf/basiclayer/pgfcorepoints.code.tex
File: pgfcorepoints.code.tex 2023-01-15 v3.1.10 (3.1.10)
\pgf@picminx=\dimen164
\pgf@picmaxx=\dimen165
\pgf@picminy=\dimen166
\pgf@picmaxy=\dimen167
\pgf@pathminx=\dimen168
\pgf@pathmaxx=\dimen169
\pgf@pathminy=\dimen170
\pgf@pathmaxy=\dimen171
\pgf@xx=\dimen172
\pgf@xy=\dimen173
\pgf@yx=\dimen174
\pgf@yy=\dimen175
\pgf@zx=\dimen176
\pgf@zy=\dimen177
)
(/usr/share/texmf-dist/tex/generic/pgf/basiclayer/pgfcorepathconstruct.code.tex
File: pgfcorepathconstruct.code.tex 2023-01-15 v3.1.10 (3.1.10)
\pgf@path@lastx=\dimen178
\pgf@path@lasty=\dimen179
) (/usr/share/texmf-dist/tex/generic/pgf/basiclayer/pgfcorepathusage.code.tex
File: pgfcorepathusage.code.tex 2023-01-15 v3.1.10 (3.1.10)
\pgf@shorten@end@additional=\dimen180
\pgf@shorten@start@additional=\dimen181
)
(/usr/share/texmf-dist/tex/generic/pgf/basiclayer/pgfcorescopes.code.tex
File: pgfcorescopes.code.tex 2023-01-15 v3.1.10 (3.1.10)
\pgfpic=\box53
\pgf@hbox=\box54
\pgf@layerbox@main=\box55
\pgf@picture@serial@count=\count268
)
(/usr/share/texmf-dist/tex/generic/pgf/basiclayer/pgfcoregraphicstate.code.tex
File: pgfcoregraphicstate.code.tex 2023-01-15 v3.1.10 (3.1.10)
\pgflinewidth=\dimen182
)
(/usr/share/texmf-dist/tex/generic/pgf/basiclayer/pgfcoretransformations.code.t
ex
File: pgfcoretransformations.code.tex 2023-01-15 v3.1.10 (3.1.10)
\pgf@pt@x=\dimen183
\pgf@pt@y=\dimen184
\pgf@pt@temp=\dimen185
) (/usr/share/texmf-dist/tex/generic/pgf/basiclayer/pgfcorequick.code.tex
File: pgfcorequick.code.tex 2023-01-15 v3.1.10 (3.1.10)
)
(/usr/share/texmf-dist/tex/generic/pgf/basiclayer/pgfcoreobjects.code.tex
File: pgfcoreobjects.code.tex 2023-01-15 v3.1.10 (3.1.10)
)
(/usr/share/texmf-dist/tex/generic/pgf/basiclayer/pgfcorepathprocessing.code.te
x
File: pgfcorepathprocessing.code.tex 2023-01-15 v3.1.10 (3.1.10)
) (/usr/share/texmf-dist/tex/generic/pgf/basiclayer/pgfcorearrows.code.tex
File: pgfcorearrows.code.tex 2023-01-15 v3.1.10 (3.1.10)
\pgfarrowsep=\dimen186
)
(/usr/share/texmf-dist/tex/generic/pgf/basiclayer/pgfcoreshade.code.tex
File: pgfcoreshade.code.tex 2023-01-15 v3.1.10 (3.1.10)
\pgf@max=\dimen187
\pgf@sys@shading@range@num=\count269
\pgf@shadingcount=\count270
)
(/usr/share/texmf-dist/tex/generic/pgf/basiclayer/pgfcoreimage.code.tex
File: pgfcoreimage.code.tex 2023-01-15 v3.1.10 (3.1.10)
)
(/usr/share/texmf-dist/tex/generic/pgf/basiclayer/pgfcoreexternal.code.tex
File: pgfcoreexternal.code.tex 2023-01-15 v3.1.10 (3.1.10)
\pgfexternal@startupbox=\box56
)
(/usr/share/texmf-dist/tex/generic/pgf/basiclayer/pgfcorelayers.code.tex
File: pgfcorelayers.code.tex 2023-01-15 v3.1.10 (3.1.10)
)
(/usr/share/texmf-dist/tex/generic/pgf/basiclayer/pgfcoretransparency.code.tex
File: pgfcoretransparency.code.tex 2023-01-15 v3.1.10 (3.1.10)
) (/usr/share/texmf-dist/tex/generic/pgf/basiclayer/pgfcorepatterns.code.tex
File: pgfcorepatterns.code.tex 2023-01-15 v3.1.10 (3.1.10)
)
(/usr/share/texmf-dist/tex/generic/pgf/basiclayer/pgfcorerdf.code.tex
File: pgfcorerdf.code.tex 2023-01-15 v3.1.10 (3.1.10)
)))
(/usr/share/texmf-dist/tex/generic/pgf/modules/pgfmoduleshapes.code.tex
File: pgfmoduleshapes.code.tex 2023-01-15 v3.1.10 (3.1.10)
\pgfnodeparttextbox=\box57
)
(/usr/share/texmf-dist/tex/generic/pgf/modules/pgfmoduleplot.code.tex
File: pgfmoduleplot.code.tex 2023-01-15 v3.1.10 (3.1.10)
)
(/usr/share/texmf-dist/tex/latex/pgf/compatibility/pgfcomp-version-0-65.sty
Package: pgfcomp-version-0-65 2023-01-15 v3.1.10 (3.1.10)
\pgf@nodesepstart=\dimen188
\pgf@nodesepend=\dimen189
)
(/usr/share/texmf-dist/tex/latex/pgf/compatibility/pgfcomp-version-1-18.sty
Package: pgfcomp-version-1-18 2023-01-15 v3.1.10 (3.1.10)
))
(/usr/share/texmf-dist/tex/latex/pgf/utilities/pgffor.sty
(/usr/share/texmf-dist/tex/latex/pgf/utilities/pgfkeys.sty
(/usr/share/texmf-dist/tex/generic/pgf/utilities/pgfkeys.code.tex))
(/usr/share/texmf-dist/tex/latex/pgf/math/pgfmath.sty
(/usr/share/texmf-dist/tex/generic/pgf/math/pgfmath.code.tex))
(/usr/share/texmf-dist/tex/generic/pgf/utilities/pgffor.code.tex
Package: pgffor 2023-01-15 v3.1.10 (3.1.10)
\pgffor@iter=\dimen190
\pgffor@skip=\dimen191
\pgffor@stack=\toks28
\pgffor@toks=\toks29
))
(/usr/share/texmf-dist/tex/generic/pgf/frontendlayer/tikz/tikz.code.tex
Package: tikz 2023-01-15 v3.1.10 (3.1.10)

(/usr/share/texmf-dist/tex/generic/pgf/libraries/pgflibraryplothandlers.code.te
x
File: pgflibraryplothandlers.code.tex 2023-01-15 v3.1.10 (3.1.10)
\pgf@plot@mark@count=\count271
\pgfplotmarksize=\dimen192
)
\tikz@lastx=\dimen193
\tikz@lasty=\dimen194
\tikz@lastxsaved=\dimen195
\tikz@lastysaved=\dimen196
\tikz@lastmovetox=\dimen197
\tikz@lastmovetoy=\dimen198
\tikzleveldistance=\dimen199
\tikzsiblingdistance=\dimen256
\tikz@figbox=\box58
\tikz@figbox@bg=\box59
\tikz@tempbox=\box60
\tikz@tempbox@bg=\box61
\tikztreelevel=\count272
\tikznumberofchildren=\count273
\tikznumberofcurrentchild=\count274
\tikz@fig@count=\count275
 (/usr/share/texmf-dist/tex/generic/pgf/modules/pgfmodulematrix.code.tex
File: pgfmodulematrix.code.tex 2023-01-15 v3.1.10 (3.1.10)
\pgfmatrixcurrentrow=\count276
\pgfmatrixcurrentcolumn=\count277
\pgf@matrix@numberofcolumns=\count278
)
\tikz@expandcount=\count279

(/usr/share/texmf-dist/tex/generic/pgf/frontendlayer/tikz/libraries/tikzlibrary
topaths.code.tex
File: tikzlibrarytopaths.code.tex 2023-01-15 v3.1.10 (3.1.10)
)))
(/usr/share/texmf-dist/tex/generic/pgf/frontendlayer/tikz/libraries/tikzlibrary
plotmarks.code.tex
File: tikzlibraryplotmarks.code.tex 2023-01-15 v3.1.10 (3.1.10)

(/usr/share/texmf-dist/tex/generic/pgf/libraries/pgflibraryplotmarks.code.tex
File: pgflibraryplotmarks.code.tex 2023-01-15 v3.1.10 (3.1.10)
))
(/usr/share/texmf-dist/tex/generic/pgf/frontendlayer/tikz/libraries/tikzlibrary
calc.code.tex
File: tikzlibrarycalc.code.tex 2023-01-15 v3.1.10 (3.1.10)
)
(/usr/share/texmf-dist/tex/generic/pgf/frontendlayer/tikz/libraries/tikzlibrary
shapes.code.tex
File: tikzlibraryshapes.code.tex 2023-01-15 v3.1.10 (3.1.10)

(/usr/share/texmf-dist/tex/generic/pgf/frontendlayer/tikz/libraries/tikzlibrary
shapes.geometric.code.tex
File: tikzlibraryshapes.geometric.code.tex 2023-01-15 v3.1.10 (3.1.10)

(/usr/share/texmf-dist/tex/generic/pgf/libraries/shapes/pgflibraryshapes.geomet
ric.code.tex
File: pgflibraryshapes.geometric.code.tex 2023-01-15 v3.1.10 (3.1.10)
))
(/usr/share/texmf-dist/tex/generic/pgf/frontendlayer/tikz/libraries/tikzlibrary
shapes.misc.code.tex
File: tikzlibraryshapes.misc.code.tex 2023-01-15 v3.1.10 (3.1.10)

(/usr/share/texmf-dist/tex/generic/pgf/libraries/shapes/pgflibraryshapes.misc.c
ode.tex
File: pgflibraryshapes.misc.code.tex 2023-01-15 v3.1.10 (3.1.10)
))
(/usr/share/texmf-dist/tex/generic/pgf/frontendlayer/tikz/libraries/tikzlibrary
shapes.symbols.code.tex
File: tikzlibraryshapes.symbols.code.tex 2023-01-15 v3.1.10 (3.1.10)

(/usr/share/texmf-dist/tex/generic/pgf/libraries/shapes/pgflibraryshapes.symbol
s.code.tex
File: pgflibraryshapes.symbols.code.tex 2023-01-15 v3.1.10 (3.1.10)
))
(/usr/share/texmf-dist/tex/generic/pgf/frontendlayer/tikz/libraries/tikzlibrary
shapes.arrows.code.tex
File: tikzlibraryshapes.arrows.code.tex 2023-01-15 v3.1.10 (3.1.10)

(/usr/share/texmf-dist/tex/generic/pgf/libraries/shapes/pgflibraryshapes.arrows
.code.tex
File: pgflibraryshapes.arrows.code.tex 2023-01-15 v3.1.10 (3.1.10)
))
(/usr/share/texmf-dist/tex/generic/pgf/frontendlayer/tikz/libraries/tikzlibrary
shapes.callouts.code.tex
(/usr/share/texmf-dist/tex/generic/pgf/libraries/shapes/pgflibraryshapes.callou
ts.code.tex))
(/usr/share/texmf-dist/tex/generic/pgf/frontendlayer/tikz/libraries/tikzlibrary
shapes.multipart.code.tex
File: tikzlibraryshapes.multipart.code.tex 2023-01-15 v3.1.10 (3.1.10)

(/usr/share/texmf-dist/tex/generic/pgf/libraries/shapes/pgflibraryshapes.multip
art.code.tex
File: pgflibraryshapes.multipart.code.tex 2023-01-15 v3.1.10 (3.1.10)
\pgfnodepartlowerbox=\box62
\pgfnodeparttwobox=\box63
\pgfnodepartthreebox=\box64
\pgfnodepartfourbox=\box65
\pgfnodeparttwentybox=\box66
\pgfnodepartnineteenbox=\box67
\pgfnodeparteighteenbox=\box68
\pgfnodepartseventeenbox=\box69
\pgfnodepartsixteenbox=\box70
\pgfnodepartfifteenbox=\box71
\pgfnodepartfourteenbox=\box72
\pgfnodepartthirteenbox=\box73
\pgfnodeparttwelvebox=\box74
\pgfnodepartelevenbox=\box75
\pgfnodeparttenbox=\box76
\pgfnodepartninebox=\box77
\pgfnodeparteightbox=\box78
\pgfnodepartsevenbox=\box79
\pgfnodepartsixbox=\box80
\pgfnodepartfivebox=\box81
)))
(/usr/share/texmf-dist/tex/generic/pgf/frontendlayer/tikz/libraries/tikzlibrary
positioning.code.tex
File: tikzlibrarypositioning.code.tex 2023-01-15 v3.1.10 (3.1.10)
)
(/usr/share/texmf-dist/tex/generic/pgf/frontendlayer/tikz/libraries/tikzlibrary
decorations.text.code.tex
(/usr/share/texmf-dist/tex/generic/pgf/frontendlayer/tikz/libraries/tikzlibrary
decorations.code.tex
(/usr/share/texmf-dist/tex/generic/pgf/modules/pgfmoduledecorations.code.tex
\pgfdecoratedcompleteddistance=\dimen257
\pgfdecoratedremainingdistance=\dimen258
\pgfdecoratedinputsegmentcompleteddistance=\dimen259
\pgfdecoratedinputsegmentremainingdistance=\dimen260
\pgf@decorate@distancetomove=\dimen261
\pgf@decorate@repeatstate=\count280
\pgfdecorationsegmentamplitude=\dimen262
\pgfdecorationsegmentlength=\dimen263
)
\tikz@lib@dec@box=\box82
)
(/usr/share/texmf-dist/tex/generic/pgf/libraries/decorations/pgflibrarydecorati
ons.text.code.tex
\pgf@lib@dec@text@box=\box83
)
\tikz@lib@dec@te@box=\box84
) (/usr/share/texmf-dist/tex/latex/tools/calc.sty
Package: calc 2017/05/25 v4.3 Infix arithmetic (KKT,FJ)
\calc@Acount=\count281
\calc@Bcount=\count282
\calc@Adimen=\dimen264
\calc@Bdimen=\dimen265
\calc@Askip=\skip59
\calc@Bskip=\skip60
LaTeX Info: Redefining \setlength on input line 80.
LaTeX Info: Redefining \addtolength on input line 81.
\calc@Ccount=\count283
\calc@Cskip=\skip61
)
\@tp@left@margin=\skip62
\@tp@right@margin=\skip63
\@tp@top@margin=\skip64
\@tp@bottom@margin=\skip65
\tp@page@xmin=\skip66
\tp@page@xmax=\skip67
\tp@page@xmid=\skip68
\tp@page@ymin=\skip69
\tp@page@ymax=\skip70
\tp@page@ymid=\skip71
\tp@body@xmin=\skip72
\tp@body@xmax=\skip73
\tp@body@xmid=\skip74
\tp@body@ymin=\skip75
\tp@body@ymax=\skip76
\tp@body@ymid=\skip77
\tp@marginpar@xmin=\skip78
\tp@marginpar@xmax=\skip79
\tp@marginpar@xmid=\skip80
\tp@marginpar@ymin=\skip81
\tp@marginpar@ymax=\skip82
\tp@marginpar@ymid=\skip83
\tp@header@xmin=\skip84
\tp@header@xmax=\skip85
\tp@header@xmid=\skip86
\tp@header@ymin=\skip87
\tp@header@ymax=\skip88
\tp@header@ymid=\skip89
\tp@footer@xmin=\skip90
\tp@footer@xmax=\skip91
\tp@footer@xmid=\skip92
\tp@footer@ymin=\skip93
\tp@footer@ymax=\skip94
\tp@footer@ymid=\skip95
\tp@top@xmin=\skip96
\tp@top@xmax=\skip97
\tp@top@xmid=\skip98
\tp@top@ymin=\skip99
\tp@top@ymax=\skip100
\tp@top@ymid=\skip101
\tp@right@xmin=\skip102
\tp@right@xmax=\skip103
\tp@right@xmid=\skip104
\tp@right@ymin=\skip105
\tp@right@ymax=\skip106
\tp@right@ymid=\skip107
\tp@bottom@xmin=\skip108
\tp@bottom@xmax=\skip109
\tp@bottom@xmid=\skip110
\tp@bottom@ymin=\skip111
\tp@bottom@ymax=\skip112
\tp@bottom@ymid=\skip113
\tp@left@xmin=\skip114
\tp@left@xmax=\skip115
\tp@left@xmid=\skip116
\tp@left@ymin=\skip117
\tp@left@ymax=\skip118
\tp@left@ymid=\skip119
\tp@linewidth=\dimen266
\tp@marksize=\dimen267
)
(/usr/share/texmf-dist/tex/latex/fancybox/fancybox.sty
Package: fancybox 2010/05/15 1.4

Style option: `fancybox' v1.4 <2010/05/15> (tvz)
\@fancybox=\box85
\shadowsize=\dimen268
\@Sbox=\box86
\do@VerbBox=\toks30
\the@fancyput=\toks31
\this@fancyput=\toks32
\EndVerbatimTokens=\toks33
\Verbatim@Outfile=\write4
\Verbatim@Infile=\read3
) (/usr/share/texmf-dist/tex/latex/pgf-blur/tikzlibraryshadows.blur.code.tex
 v1.02, 2012/12/09
(/usr/share/texmf-dist/tex/generic/pgf/frontendlayer/tikz/libraries/tikzlibrary
shadows.code.tex
File: tikzlibraryshadows.code.tex 2023-01-15 v3.1.10 (3.1.10)

(/usr/share/texmf-dist/tex/generic/pgf/frontendlayer/tikz/libraries/tikzlibrary
fadings.code.tex
File: tikzlibraryfadings.code.tex 2023-01-15 v3.1.10 (3.1.10)

(/usr/share/texmf-dist/tex/generic/pgf/libraries/pgflibraryfadings.code.tex
File: pgflibraryfadings.code.tex 2023-01-15 v3.1.10 (3.1.10)
)))
\pgfbs@fading@count=\count284
) (/usr/share/texmf-dist/tex/latex/enumitem/enumitem.sty
Package: enumitem 2019/06/20 v3.9 Customized lists
\labelindent=\skip120
\enit@outerparindent=\dimen269
\enit@toks=\toks34
\enit@inbox=\box87
\enit@count@id=\count285
\enitdp@description=\count286
)
(/usr/share/texmf-dist/tex/latex/zref/zref-abspage.sty
Package: zref-abspage 2022-04-07 v2.34 Module abspage for zref (HO)

(/usr/share/texmf-dist/tex/latex/zref/zref-base.sty
Package: zref-base 2022-04-07 v2.34 Module base for zref (HO)

(/usr/share/texmf-dist/tex/generic/ltxcmds/ltxcmds.sty
Package: ltxcmds 2020-05-10 v1.25 LaTeX kernel commands for general use (HO)
)
(/usr/share/texmf-dist/tex/generic/infwarerr/infwarerr.sty
Package: infwarerr 2019/12/03 v1.5 Providing info/warning/error messages (HO)
)
(/usr/share/texmf-dist/tex/latex/kvsetkeys/kvsetkeys.sty
Package: kvsetkeys 2022-10-05 v1.19 Key value parser (HO)
)
(/usr/share/texmf-dist/tex/generic/kvdefinekeys/kvdefinekeys.sty
Package: kvdefinekeys 2019-12-19 v1.6 Define keys (HO)
)
(/usr/share/texmf-dist/tex/generic/pdftexcmds/pdftexcmds.sty
Package: pdftexcmds 2020-06-27 v0.33 Utility functions of pdfTeX for LuaTeX (HO
)
Package pdftexcmds Info: \pdf@primitive is available.
Package pdftexcmds Info: \pdf@ifprimitive is available.
Package pdftexcmds Info: \pdfdraftmode not found.
)
(/usr/share/texmf-dist/tex/generic/etexcmds/etexcmds.sty
Package: etexcmds 2019/12/15 v1.7 Avoid name clashes with e-TeX commands (HO)
)
(/usr/share/texmf-dist/tex/latex/auxhook/auxhook.sty
Package: auxhook 2019-12-17 v1.6 Hooks for auxiliary files (HO)
)
Package zref Info: New property list: main on input line 767.
Package zref Info: New property: default on input line 768.
Package zref Info: New property: page on input line 769.
)
(/usr/share/texmf-dist/tex/latex/base/atbegshi-ltx.sty
Package: atbegshi-ltx 2021/01/10 v1.0c Emulation of the original atbegshi
package with kernel methods
)
\c@abspage=\count287
Package zref Info: New property: abspage on input line 65.
)
(/usr/share/texmf-dist/tex/latex/tabularray/tabularray.sty
(/usr/share/texmf-dist/tex/latex/l3kernel/expl3.sty
Package: expl3 2023-02-22 L3 programming layer (loader) 

(/usr/share/texmf-dist/tex/latex/l3backend/l3backend-xetex.def
File: l3backend-xetex.def 2023-01-16 L3 backend support: XeTeX
\g__graphics_track_int=\count288
\l__pdf_internal_box=\box88
\g__pdf_backend_object_int=\count289
\g__pdf_backend_annotation_int=\count290
\g__pdf_backend_link_int=\count291
))
Package: tabularray 2023-03-01 v2023A Typeset tabulars and arrays with LaTeX3
\l__tblr_a_int=\count292
\l__tblr_c_int=\count293
\l__tblr_r_int=\count294
\l__tblr_d_dim=\dimen270
\l__tblr_h_dim=\dimen271
\l__tblr_o_dim=\dimen272
\l__tblr_p_dim=\dimen273
\l__tblr_q_dim=\dimen274
\l__tblr_r_dim=\dimen275
\l__tblr_s_dim=\dimen276
\l__tblr_t_dim=\dimen277
\l__tblr_v_dim=\dimen278
\l__tblr_w_dim=\dimen279
\l__tblr_a_box=\box89
\l__tblr_b_box=\box90
\l__tblr_c_box=\box91
\l__tblr_d_box=\box92
\g__tblr_table_count_int=\count295
\c@rownum=\count296
\c@colnum=\count297
\c@rowcount=\count298
\c@colcount=\count299
\abovesep=\dimen280
\belowsep=\dimen281
\leftsep=\dimen282
\rightsep=\dimen283
\g_tblr_level_int=\count300
\g__tblr_data_row_key_count_int=\count301
\g__tblr_data_column_key_count_int=\count302
\g__tblr_data_cell_key_count_int=\count303
\g__tblr_array_int=\count304
\l__tblr_key_count_int=\count305
\l__tblr_key_quotient_int=\count306
\l__tblr_key_quotient_two_int=\count307
\l__tblr_key_remainder_int=\count308
\g__tblr_data_str_value_count_int=\count309
\rulewidth=\dimen284
\l__tblr_strut_dp_dim=\dimen285
\l__tblr_strut_ht_dim=\dimen286
\g__tblr_cell_wd_dim=\dimen287
\g__tblr_cell_ht_dim=\dimen288
\g__tblr_cell_head_dim=\dimen289
\g__tblr_cell_foot_dim=\dimen290
\l__column_target_dim=\dimen291
\l__tblr_caption_box=\box93
\l__tblr_caption_left_box=\box94
\l__tblr_row_head_box=\box95
\l__tblr_row_foot_box=\box96
\l__tblr_row_head_foot_dim=\dimen292
\tablewidth=\dimen293
\l__tblr_table_firsthead_box=\box97
\l__tblr_table_middlehead_box=\box98
\l__tblr_table_lasthead_box=\box99
\l__tblr_table_firstfoot_box=\box100
\l__tblr_table_middlefoot_box=\box101
\l__tblr_table_lastfoot_box=\box102
\l__tblr_remain_height_dim=\dimen294
\l__tblr_long_from_int=\count310
\l__tblr_long_to_int=\count311
\l__tblr_curr_i_int=\count312
\l__tblr_prev_i_int=\count313
\l__tblr_table_page_int=\count314
\l__tblr_table_head_box=\box103
\l__tblr_table_foot_box=\box104
\l__tblr_table_head_foot_dim=\dimen295
\l__tblr_table_head_body_foot_dim=\dimen296
\l__tblr_table_box=\box105
\l__tblr_table_hlines_box=\box106
\l__tblr_hline_box=\box107
\l__tblr_row_box=\box108
\l__tblr_col_o_wd_dim=\dimen297
\l__tblr_col_b_wd_dim=\dimen298
\l__tblr_hline_leftskip_dim=\dimen299
\l__tblr_hline_rightskip_dim=\dimen300
\l__tblr_row_ht_dim=\dimen301
\l__tblr_row_dp_dim=\dimen302
\l__tblr_row_abovesep_dim=\dimen303
\l__tblr_row_belowsep_dim=\dimen304
\l__tblr_row_vlines_box=\box109
\l__tblr_vline_box=\box110
\l__tblr_cell_box=\box111
\l__row_upper_dim=\dimen305
\l__row_lower_dim=\dimen306
\l__row_vpace_dim=\dimen307
\l__tblr_vline_aboveskip_dim=\dimen308
\l__tblr_vline_belowskip_dim=\dimen309
\l__tblr_cell_wd_dim=\dimen310
\l__tblr_cell_ht_dim=\dimen311
\l__tblr_diag_box=\box112
)
(/usr/share/texmf-dist/tex/latex/pbox/pbox.sty
Package: pbox 2011/12/07 v1.2 Dynamic parboxes

(/usr/share/texmf-dist/tex/latex/base/ifthen.sty
Package: ifthen 2022/04/13 v1.1d Standard LaTeX ifthen package (DPC)
)
\pb@xlen=\skip121
)
(/usr/share/texmf-dist/tex/latex/mhchem/mhchem.sty
Package: mhchem 2021/12/31 v4.09 for typesetting chemical formulae

(/usr/share/texmf-dist/tex/latex/l3packages/l3keys2e/l3keys2e.sty
Package: l3keys2e 2023-02-02 LaTeX2e option processing using LaTeX3 keys
)
(/usr/share/texmf-dist/tex/latex/amsmath/amsmath.sty
Package: amsmath 2022/04/08 v2.17n AMS math features
\@mathmargin=\skip122

For additional information on amsmath, use the `?' option.
(/usr/share/texmf-dist/tex/latex/amsmath/amstext.sty
Package: amstext 2021/08/26 v2.01 AMS text

(/usr/share/texmf-dist/tex/latex/amsmath/amsgen.sty
File: amsgen.sty 1999/11/30 v2.0 generic functions
\@emptytoks=\toks35
\ex@=\dimen312
))
(/usr/share/texmf-dist/tex/latex/amsmath/amsbsy.sty
Package: amsbsy 1999/11/29 v1.2d Bold Symbols
\pmbraise@=\dimen313
)
(/usr/share/texmf-dist/tex/latex/amsmath/amsopn.sty
Package: amsopn 2022/04/08 v2.04 operator names
)
\inf@bad=\count315
LaTeX Info: Redefining \frac on input line 234.
\uproot@=\count316
\leftroot@=\count317
LaTeX Info: Redefining \overline on input line 399.
LaTeX Info: Redefining \colon on input line 410.
\classnum@=\count318
\DOTSCASE@=\count319
LaTeX Info: Redefining \ldots on input line 496.
LaTeX Info: Redefining \dots on input line 499.
LaTeX Info: Redefining \cdots on input line 620.
\Mathstrutbox@=\box113
\strutbox@=\box114
LaTeX Info: Redefining \big on input line 722.
LaTeX Info: Redefining \Big on input line 723.
LaTeX Info: Redefining \bigg on input line 724.
LaTeX Info: Redefining \Bigg on input line 725.
\big@size=\dimen314
LaTeX Font Info:    Redeclaring font encoding OML on input line 743.
LaTeX Font Info:    Redeclaring font encoding OMS on input line 744.
\macc@depth=\count320
LaTeX Info: Redefining \bmod on input line 905.
LaTeX Info: Redefining \pmod on input line 910.
LaTeX Info: Redefining \smash on input line 940.
LaTeX Info: Redefining \relbar on input line 970.
LaTeX Info: Redefining \Relbar on input line 971.
\c@MaxMatrixCols=\count321
\dotsspace@=\muskip16
\c@parentequation=\count322
\dspbrk@lvl=\count323
\tag@help=\toks36
\row@=\count324
\column@=\count325
\maxfields@=\count326
\andhelp@=\toks37
\eqnshift@=\dimen315
\alignsep@=\dimen316
\tagshift@=\dimen317
\tagwidth@=\dimen318
\totwidth@=\dimen319
\lineht@=\dimen320
\@envbody=\toks38
\multlinegap=\skip123
\multlinetaggap=\skip124
\mathdisplay@stack=\toks39
LaTeX Info: Redefining \[ on input line 2953.
LaTeX Info: Redefining \] on input line 2954.
)
(/usr/share/texmf-dist/tex/latex/chemgreek/chemgreek.sty
(/usr/share/texmf-dist/tex/latex/l3packages/xparse/xparse.sty
Package: xparse 2023-02-02 L3 Experimental document command parser
)
Package: chemgreek 2020/01/16 v1.1a interface for upright Greek letters for use
 in chemistry (CN)
\l__chemgreek_tmpa_int=\count327
\g__chemgreek_tmpa_int=\count328
)
\l__mhchem_ce_distanceFromLastComma_int=\count329
\__mhchem_arrow_extPgfLength_skip=\skip125
\mhchem@minispace@tmp=\skip126
\mhchem@minibackspace@tmp=\skip127
\mhchem@bondwidth=\skip128
\mhchem@bondheight=\skip129
\mhchem@smallbondwidth@tmpA=\skip130
\mhchem@smallbondwidth@tmpB=\skip131
\mhchem@smallbondwidth=\skip132
\mhchem@bondtmp@minussidebearingleft=\skip133
\mhchem@bondtmp@minussidebearingright=\skip134
\l__mhchem_option_version_int=\count330
\mhchem@option@minusmathsidebearingleft=\dimen321
\mhchem@option@minusmathsidebearingright=\dimen322
\mhchem@option@minustextsidebearingleft=\dimen323
\mhchem@option@minustextsidebearingright=\dimen324
)
(/usr/share/texmf-dist/tex/latex/tasks/tasks.sty
(/usr/share/texmf-dist/tex/latex/l3packages/xtemplate/xtemplate.sty
Package: xtemplate 2023-02-02 L3 Experimental prototype document functions
\l__xtemplate_tmp_dim=\dimen325
\l__xtemplate_tmp_int=\count331
\l__xtemplate_tmp_muskip=\muskip17
\l__xtemplate_tmp_skip=\skip135
)
Package: tasks 2022/01/08 v1.4a lists with columns filled horizontally
\g__tasks_total_items_int=\count332
\l__tasks_columns_int=\count333
\g__tasks_rows_int=\count334
\g__tasks_current_col_num_int=\count335
\g__tasks_current_row_num_int=\count336
\l__tasks_item_columns_int=\count337
\g__tasks_env_int=\count338
\l__tasks_start_int=\count339
\l__tasks_item_indent_dim=\dimen326
\l__tasks_item_default_indent_dim=\dimen327
\l__tasks_item_width_dim=\dimen328
\l__tasks_label_width_dim=\dimen329
\l__tasks_label_default_width_dim=\dimen330
\l__tasks_label_offset_dim=\dimen331
\l__tasks_label_default_offset_dim=\dimen332
\l__tasks_column_sep_dim=\dimen333
\l__tasks_correction_dim=\dimen334
\l__tasks_full_width_dim=\dimen335
\l__tasks_after_item_skip=\skip136
\l__tasks_custom_after_item_skip=\skip137
\l__tasks_before_list_skip=\skip138
\l__tasks_after_list_skip=\skip139
\l__tasks_item_coffin=\box115
\l__tasks_label_coffin=\box116
\c@task=\count340
\l__tasks_tmpa_int=\count341
\l__tasks_tmpb_int=\count342
\l__tasks_tmpa_coffin=\box117
\l__tasks_tmpa_box=\box118

Package xtemplate Info: Declaring object type 'tasks' taking 3 argument(s) on
(xtemplate)             line 450.


(/usr/share/texmf-dist/tex/latex/tasks/tasks.cfg))
(/usr/share/texmf-dist/tex/latex/tools/multicol.sty
Package: multicol 2021/11/30 v1.9d multicolumn formatting (FMi)
\c@tracingmulticols=\count343
\mult@box=\box119
\multicol@leftmargin=\dimen336
\c@unbalance=\count344
\c@collectmore=\count345
\doublecol@number=\count346
\multicoltolerance=\count347
\multicolpretolerance=\count348
\full@width=\dimen337
\page@free=\dimen338
\premulticols=\dimen339
\postmulticols=\dimen340
\multicolsep=\skip140
\multicolbaselineskip=\skip141
\partial@page=\box120
\last@line=\box121
\maxbalancingoverflow=\dimen341
\mult@rightbox=\box122
\mult@grightbox=\box123
\mult@firstbox=\box124
\mult@gfirstbox=\box125
\@tempa=\box126
\@tempa=\box127
\@tempa=\box128
\@tempa=\box129
\@tempa=\box130
\@tempa=\box131
\@tempa=\box132
\@tempa=\box133
\@tempa=\box134
\@tempa=\box135
\@tempa=\box136
\@tempa=\box137
\@tempa=\box138
\@tempa=\box139
\@tempa=\box140
\@tempa=\box141
\@tempa=\box142
\@tempa=\box143
\@tempa=\box144
\@tempa=\box145
\@tempa=\box146
\@tempa=\box147
\@tempa=\box148
\@tempa=\box149
\@tempa=\box150
\@tempa=\box151
\@tempa=\box152
\@tempa=\box153
\@tempa=\box154
\@tempa=\box155
\@tempa=\box156
\@tempa=\box157
\@tempa=\box158
\@tempa=\box159
\@tempa=\box160
\@tempa=\box161
\c@minrows=\count349
\c@columnbadness=\count350
\c@finalcolumnbadness=\count351
\last@try=\dimen342
\multicolovershoot=\dimen343
\multicolundershoot=\dimen344
\mult@nat@firstbox=\box162
\colbreak@box=\box163
\mc@col@check@num=\count352
)
(/usr/share/texmf-dist/tex/latex/multirow/multirow.sty
Package: multirow 2021/03/15 v2.8 Span multiple rows of a table
\multirow@colwidth=\skip142
\multirow@cntb=\count353
\multirow@dima=\skip143
\bigstrutjot=\dimen345
)
(/usr/share/texmf-dist/tex/latex/tools/tabularx.sty
Package: tabularx 2020/01/15 v2.11c `tabularx' package (DPC)

(/usr/share/texmf-dist/tex/latex/tools/array.sty
Package: array 2022/09/04 v2.5g Tabular extension package (FMi)
\col@sep=\dimen346
\ar@mcellbox=\box164
\extrarowheight=\dimen347
\NC@list=\toks40
\extratabsurround=\skip144
\backup@length=\skip145
\ar@cellbox=\box165
)
\TX@col@width=\dimen348
\TX@old@table=\dimen349
\TX@old@col=\dimen350
\TX@target=\dimen351
\TX@delta=\dimen352
\TX@cols=\count354
\TX@ftn=\toks41
)
(/usr/share/texmf-dist/tex/generic/chemfig/chemfig.sty
(/usr/share/texmf-dist/tex/generic/chemfig/chemfig.tex
(/usr/share/texmf-dist/tex/generic/simplekv/simplekv.tex
Package: simplekv 2022/10/01 v0.2a Simple keyval package (CT)
)
(/usr/share/texmf-dist/tex/generic/pgf/libraries/pgflibraryarrows.meta.code.tex
File: pgflibraryarrows.meta.code.tex 2023-01-15 v3.1.10 (3.1.10)
\pgfarrowinset=\dimen353
\pgfarrowlength=\dimen354
\pgfarrowwidth=\dimen355
\pgfarrowlinewidth=\dimen356
)
\CF_cnt_atomgroup=\count355
\CF_cnt_group=\count356
\CF_cnt_atom=\count357
\CF_cnt_cycle=\count358
\CF_cnt_cyclebonds=\count359
\CF_cnt_compound=\count360
\CF_dim=\dimen357
\CF_arrowsize=\dimen358
\CF_zero=\dimen359
\CF_box=\box166
\CF_boxstuff=\box167
\CF_testbox=\box168
\CF_chargebox=\box169
\CF_substtoks=\toks42
)
Package: chemfig 2023/02/18 v1.6d Draw molecule with an easy syntax (CT)
) (/usr/share/texmf-dist/tex/latex/bigfoot/perpage.sty
Package: perpage 2014/10/25 2.0 Reset/sort counters per page
)
(/usr/share/texmf-dist/tex/latex/setspace/setspace.sty
Package: setspace 2022/12/04 v6.7b set line spacing
)
(/usr/share/texmf-dist/tex/latex/vwcol/vwcol.sty
Package: vwcol 2015/02/10 v0.2 Variable-width multicolumn text

(/usr/share/texmf-dist/tex/latex/environ/environ.sty
Package: environ 2014/05/04 v0.3 A new way to define environments

(/usr/share/texmf-dist/tex/latex/trimspaces/trimspaces.sty
Package: trimspaces 2009/09/17 v1.1 Trim spaces around a token list
))
(/usr/share/texmf-dist/tex/latex/ragged2e/ragged2e.sty
Package: ragged2e 2023/02/25 v3.4 ragged2e Package
\CenteringLeftskip=\skip146
\RaggedLeftLeftskip=\skip147
\RaggedRightLeftskip=\skip148
\CenteringRightskip=\skip149
\RaggedLeftRightskip=\skip150
\RaggedRightRightskip=\skip151
\CenteringParfillskip=\skip152
\RaggedLeftParfillskip=\skip153
\RaggedRightParfillskip=\skip154
\JustifyingParfillskip=\skip155
\CenteringParindent=\skip156
\RaggedLeftParindent=\skip157
\RaggedRightParindent=\skip158
\JustifyingParindent=\skip159
)
\vwcol@sep=\skip160
\vwcol@rule=\skip161
\vwcol@totalwidth=\skip162
\vwcol@averagewidth=\skip163
\vwcol@parindent=\skip164
\vwcol@last=\count361
\vwcol@Ncols=\count362
\vwcol@Nlines=\count363
\vwcol@maxrecursion=\count364
\vwcol@box=\box170
\vwcol@plainbox=\box171
\vwcol@outputbox=\box172
)
(/usr/share/texmf-dist/tex/latex/mathtools/mathtools.sty
Package: mathtools 2022/06/29 v1.29 mathematical typesetting tools

(/usr/share/texmf-dist/tex/latex/mathtools/mhsetup.sty
Package: mhsetup 2021/03/18 v1.4 programming setup (MH)
)
\g_MT_multlinerow_int=\count365
\l_MT_multwidth_dim=\dimen360
\origjot=\skip165
\l_MT_shortvdotswithinadjustabove_dim=\dimen361
\l_MT_shortvdotswithinadjustbelow_dim=\dimen362
\l_MT_above_intertext_sep=\dimen363
\l_MT_below_intertext_sep=\dimen364
\l_MT_above_shortintertext_sep=\dimen365
\l_MT_below_shortintertext_sep=\dimen366
\xmathstrut@box=\box173
\xmathstrut@dim=\dimen367
)
(/usr/share/texmf-dist/tex/latex/base/textcomp.sty
Package: textcomp 2020/02/02 v2.0n Standard LaTeX package
)
(/usr/share/texmf-dist/tex/latex/gensymb/gensymb.sty
Package: gensymb 2022/10/17 v1.0.2 (KJH)
)
(/usr/share/texmf-dist/tex/xelatex/xepersian/xepersian.sty
Package: xepersian 2022/10/30 v24.8 (Release Women, Life, and Freedom) Persian 
typesetting in XeLaTeX

(/usr/share/texmf-dist/tex/latex/fontspec/fontspec.sty
Package: fontspec 2022/01/15 v2.8a Font selection for XeLaTeX and LuaLaTeX

(/usr/share/texmf-dist/tex/latex/fontspec/fontspec-xetex.sty
Package: fontspec-xetex 2022/01/15 v2.8a Font selection for XeLaTeX and LuaLaTe
X
\l__fontspec_script_int=\count366
\l__fontspec_language_int=\count367
\l__fontspec_strnum_int=\count368
\l__fontspec_tmp_int=\count369
\l__fontspec_tmpa_int=\count370
\l__fontspec_tmpb_int=\count371
\l__fontspec_tmpc_int=\count372
\l__fontspec_em_int=\count373
\l__fontspec_emdef_int=\count374
\l__fontspec_strong_int=\count375
\l__fontspec_strongdef_int=\count376
\l__fontspec_tmpa_dim=\dimen368
\l__fontspec_tmpb_dim=\dimen369
\l__fontspec_tmpc_dim=\dimen370

(/usr/share/texmf-dist/tex/latex/base/fontenc.sty
Package: fontenc 2021/04/29 v2.0v Standard LaTeX package
)
(/usr/share/texmf-dist/tex/latex/fontspec/fontspec.cfg)))
(/usr/share/texmf-dist/tex/xelatex/xepersian/xepersian-persiancal.sty
Package: xepersian-persiancal 2012/07/25 v0.2 provides Persian calendar
\XePersian@i=\count377
\XePersian@y=\count378
\XePersian@m=\count379
\XePersian@d=\count380
\XePersian@latini=\count381
\XePersian@persiani=\count382
\XePersian@latinii=\count383
\XePersian@persianii=\count384
\XePersian@latiniii=\count385
\XePersian@persianiii=\count386
\XePersian@latiniv=\count387
\XePersian@persianiv=\count388
\XePersian@latinv=\count389
\XePersian@persianv=\count390
\XePersian@latinvi=\count391
\XePersian@persianvi=\count392
\XePersian@latinvii=\count393
\XePersian@persianvii=\count394
\XePersian@latinviii=\count395
\XePersian@persianviii=\count396
\XePersian@latinix=\count397
\XePersian@persianix=\count398
\XePersian@latinx=\count399
\XePersian@persianx=\count400
\XePersian@latinxi=\count401
\XePersian@persianxi=\count402
\XePersian@latinxii=\count403
\XePersian@persianxii=\count404
\XePersian@persianxiii=\count405
\XePersian@temp=\count406
\XePersian@temptwo=\count407
\XePersian@tempthree=\count408
\XePersian@yModHundred=\count409
\XePersian@thirtytwo=\count410
\XePersian@dn=\count411
\XePersian@sn=\count412
\XePersian@mminusone=\count413
)
(/usr/share/texmf-dist/tex/xelatex/xepersian/xepersian-mathdigitspec.sty
Package: xepersian-mathdigitspec 2022/05/20 v1.2.0 Unicode Persian math digits 
in XeLaTeX
)
(/usr/share/texmf-dist/tex/xelatex/bidi/bidi.sty
Package: bidi 2023/01/18 v39.7 (Release Serge Lang) Bidirectional typesetting i
n plain TeX and LaTeX

****************************************************
* 
* bidi package (Bidirectional typesetting in
* plain TeX and LaTeX, using XeTeX engine)
* 
* Description: A convenient interface for
* typesetting bidirectional texts in plain TeX
* and LaTeX. The package includes adaptations
* for use with many other commonly-used packages.
* 
* Copyright (c) 2007--2023 Vafa Khalighi
* Copyright (c) 2018--2020 bidi-tex GitHub organization
* 
* v39.7 (Release Serge Lang), 2023/01/18
* 
* License: LaTeX Project Public License, version
* 1.3c or higher (your choice)
* 
* Location on CTAN: /macros/xetex/latex/bidi
* 
* Issue tracker: https://github.com/kvafa/bidi/issues
* 
* Discussions: https://github.com/kvafa/bidi/discussions
* 
* Primary author of bidi package: Vafa Khalighi.
* 
****************************************************
(/usr/share/texmf-dist/tex/xelatex/bidi/biditools.sty
Package: biditools 2022/06/15 v2.3 Programming tools for bidi package
\@bidi@envbody=\toks43
\@bidi@emptytoks=\toks44
\bidi@poscount=\count414
\bidi@tempcountb=\count415
\bidi@temptoksa=\toks45
\bidi@temptoksb=\toks46
\bidi@dummies=\count416
\bidi@are@these@correct=\toks47
\bidi@toks@lista=\toks48
\bidi@toks@listb=\toks49
\bidi@stack@length=\count417
\bidi@empty@stack=\toks50
\bidi@looprepeat@depth=\count418
)
(/usr/share/texmf-dist/tex/latex/xkeyval/xkeyval.sty
Package: xkeyval 2022/06/16 v2.9 package option processing (HA)

(/usr/share/texmf-dist/tex/generic/xkeyval/xkeyval.tex
(/usr/share/texmf-dist/tex/generic/xkeyval/xkvutils.tex
\XKV@toks=\toks51
\XKV@tempa@toks=\toks52
)
\XKV@depth=\count419
File: xkeyval.tex 2014/12/03 v2.7a key=value parser (HA)
))
\@bidi@copyins@=\insert252

(/usr/share/texmf-dist/tex/xelatex/bidi/latex-xetex-bidi.def
File: latex-xetex-bidi.def 2022/07/04 v1.4.9 bidi adaptations for `latex.ltx' f
or XeTeX engine
\bidi@n@everypar=\toks53
\bidi@column@check@number=\count420

(/usr/share/texmf-dist/tex/xelatex/bidi/footnote-xetex-bidi.def
File: footnote-xetex-bidi.def 2023/01/18 v1.2 bidi footnote macros for XeTeX en
gine
\c@footdir@label=\count421
\footdir@toks=\toks54
)
(/usr/share/texmf-dist/tex/xelatex/bidi/article-xetex-bidi.def
File: article-xetex-bidi.def 2017/06/09 v0.6 bidi adaptations for standard arti
cle class for XeTeX engine
)
(/usr/share/texmf-dist/tex/xelatex/bidi/mathtools-xetex-bidi.def
File: mathtools-xetex-bidi.def 2018/01/07 v0.1 bidi adaptations for mathtools p
ackage for XeTeX engine
)
(/usr/share/texmf-dist/tex/xelatex/bidi/amsmath-xetex-bidi.def
File: amsmath-xetex-bidi.def 2020/05/16 v1.2 bidi adaptations for amsmath packa
ge for XeTeX engine
)
(/usr/share/texmf-dist/tex/xelatex/bidi/amstext-xetex-bidi.def
File: amstext-xetex-bidi.def 2016/09/12 v0.2 bidi adaptations for amstext packa
ge for XeTeX engine
)
(/usr/share/texmf-dist/tex/xelatex/bidi/color-xetex-bidi.def
File: color-xetex-bidi.def 2013/04/08 v0.2 bidi adaptations for color package f
or XeTeX engine
LaTeX Info: Redefining \color on input line 49.
)
(/usr/share/texmf-dist/tex/xelatex/bidi/xcolor-xetex-bidi.def
File: xcolor-xetex-bidi.def 2022/06/13 v0.3 bidi adaptations for xcolor package
 for XeTeX engine
LaTeX Info: Redefining \color on input line 48.
LaTeX Info: Redefining \bidicolor on input line 91.
)
(/usr/share/texmf-dist/tex/xelatex/bidi/graphicx-xetex-bidi.def
File: graphicx-xetex-bidi.def 2017/06/17 v0.5 bidi adaptations for graphicx pac
kage for XeTeX engine
)
(/usr/share/texmf-dist/tex/xelatex/bidi/geometry-xetex-bidi.def
File: geometry-xetex-bidi.def 2017/01/14 v0.2 bidi adaptations for geometry pac
kage for XeTeX engine
)
(/usr/share/texmf-dist/tex/xelatex/bidi/tabularx-xetex-bidi.def
File: tabularx-xetex-bidi.def 2014/11/08 v0.1 bidi adaptations for tabularx pac
kage for XeTeX engine
)
(/usr/share/texmf-dist/tex/xelatex/bidi/fancybox-xetex-bidi.def
File: fancybox-xetex-bidi.def 2013/05/01 v0.1 bidi adaptations for fancybox pac
kage for XeTeX engine
)
(/usr/share/texmf-dist/tex/xelatex/bidi/fancyhdr-xetex-bidi.def
File: fancyhdr-xetex-bidi.def 2018/02/15 v0.7 bidi adaptations for fancyhdr pac
kage for XeTeX engine
)
(/usr/share/texmf-dist/tex/xelatex/bidi/pgfcorescopes.code-xetex-bidi.def
File: pgfcorescopes.code-xetex-bidi.def 2015/11/14 v0.1 bidi adaptations for pg
f package for XeTeX engine
)
(/usr/share/texmf-dist/tex/xelatex/bidi/array-xetex-bidi.def
File: array-xetex-bidi.def 2015/11/07 v0.3 bidi adaptations for array package f
or XeTeX engine
)
(/usr/share/texmf-dist/tex/xelatex/bidi/multicol-xetex-bidi.def
File: multicol-xetex-bidi.def 2022/07/10 v1.4 bidi adaptations for multicol pac
kage for XeTeX engine
)
(/usr/share/texmf-dist/tex/xelatex/bidi/pgfsys.code-xetex-bidi.def
File: pgfsys.code-xetex-bidi.def 2022/06/01 v0.1 bidi adaptations for pgfsys.co
de.tex file for XeTeX engine
)
(/usr/share/texmf-dist/tex/xelatex/bidi/ragged2e-xetex-bidi.def
File: ragged2e-xetex-bidi.def 2018/10/17 v0.3 bidi adaptations for ragged2e pac
kage for XeTeX engine
))
(/usr/share/texmf-dist/tex/xelatex/bidi/loadingorder-xetex-bidi.def
File: loadingorder-xetex-bidi.def 2017/12/29 v0.97 making sure that bidi is the
 last package loaded
)
\bidi@digits=\count422
\bidi@digits@charclass=\XeTeXcharclass1
\bidi@sepmark@charclass=\XeTeXcharclass2
)
****************************************************
* 
* xepersian package (Persian for LaTeX, using XeTeX engine)
* 
* Description: The package supports Persian
* typesetting, using fonts provided in the
* distribution.
* 
* Copyright (c) 2008--2022 Vafa Khalighi
* Copyright (c) 2018--2020 bidi-tex GitHub Organization
* 
* v24.8 (Release Women, Life, and Freedom), 2022/10/30
* 
* License: LaTeX Project Public License, version
* 1.3c or higher (your choice)
* 
* Location on CTAN: /macros/xetex/latex/xepersian
* 
* Issue tracker: https://github.com/kvafa/xepersian/issues
* 
* Discussions: https://github.com/kvafa/xepersian/discussions
* 
* Primary author of xepersian package: Vafa Khalighi.
* 
****************************************************
\xepersian@tcl=\count423
\xepersian@ilg=\dimen371
\xepersian@strutilg=\dimen372
(/usr/share/texmf-dist/tex/xelatex/xepersian/loadingorder-xepersian.def
File: loadingorder-xepersian.def 2018/09/29 v0.5 making sure that xepersian is 
the last package loaded
)
(/usr/share/texmf-dist/tex/xelatex/xepersian/footnote-xepersian.def
File: footnote-xepersian.def 2017/08/09 v0.6 footnote macros for xepersian pack
age
)
(/usr/share/texmf-dist/tex/xelatex/xepersian/enumitem-xepersian.def
File: enumitem-xepersian.def 2017/09/06 v0.1 adaptations for enumitem package
)
(/usr/share/texmf-dist/tex/xelatex/xepersian/article-xepersian.def
File: article-xepersian.def 2010/07/25 v0.2 adaptations for standard article cl
ass
)

Package fontspec Info: Font family 'lmroman10-regular(0)' created for font
(fontspec)             'lmroman10-regular' with options
(fontspec)             [Ligatures=TeX,Path,BoldFont={lmroman10-bold},BoldItalic
Font={lmroman10-bolditalic},ItalicFont={lmroman10-italic},SmallCapsFont={lmroma
ncaps10-regular},SlantedFont={lmromanslant10-regular},BoldSlantedFont={lmromans
lant10-bold}].
(fontspec)              
(fontspec)              This font family consists of the following NFSS
(fontspec)             series/shapes:
(fontspec)              
(fontspec)             - 'normal' (m/n) with NFSS spec.:
(fontspec)             <->"[lmroman10-regular]/OT:script=latn;language=dflt;map
ping=tex-text;"
(fontspec)             - 'small caps'  (m/sc) with NFSS spec.:
(fontspec)             <->"[lmromancaps10-regular]/OT:script=latn;language=dflt
;mapping=tex-text;"
(fontspec)             - 'bold' (b/n) with NFSS spec.:
(fontspec)             <->"[lmroman10-bold]/OT:script=latn;language=dflt;mappin
g=tex-text;"
(fontspec)             - 'bold small caps'  (b/sc) with NFSS spec.:
(fontspec)             <->"[lmromancaps10-regular]/OT:script=latn;language=dflt
;mapping=tex-text;"
(fontspec)             - 'italic' (m/it) with NFSS spec.:
(fontspec)             <->"[lmroman10-italic]/OT:script=latn;language=dflt;mapp
ing=tex-text;"
(fontspec)             - 'italic small caps'  (m/scit) with NFSS spec.:
(fontspec)             <->"[lmromancaps10-regular]/OT:script=latn;language=dflt
;mapping=tex-text;"
(fontspec)             - 'slanted' (m/sl) with NFSS spec.:
(fontspec)             <->"[lmromanslant10-regular]/OT:script=latn;language=dfl
t;mapping=tex-text;"
(fontspec)             - 'slanted small caps'  (m/scsl) with NFSS spec.:
(fontspec)             <->"[lmromancaps10-regular]/OT:script=latn;language=dflt
;mapping=tex-text;"
(fontspec)             - 'bold italic' (b/it) with NFSS spec.:
(fontspec)             <->"[lmroman10-bolditalic]/OT:script=latn;language=dflt;
mapping=tex-text;"
(fontspec)             - 'bold italic small caps'  (b/scit) with NFSS spec.:
(fontspec)             <->"[lmromancaps10-regular]/OT:script=latn;language=dflt
;mapping=tex-text;"
(fontspec)             - 'bold slanted' (b/sl) with NFSS spec.:
(fontspec)             <->"[lmromanslant10-bold]/OT:script=latn;language=dflt;m
apping=tex-text;"
(fontspec)             - 'bold slanted small caps'  (b/scsl) with NFSS spec.:
(fontspec)             <->"[lmromancaps10-regular]/OT:script=latn;language=dflt
;mapping=tex-text;"

)

Package fontspec Info: Font family 'XBNiloofar(0)' created for font 'XB
(fontspec)             Niloofar' with options
(fontspec)             [RawFeature={script=arab},Ligatures=PersianTeX].
(fontspec)              
(fontspec)              This font family consists of the following NFSS
(fontspec)             series/shapes:
(fontspec)              
(fontspec)             - 'normal' (m/n) with NFSS spec.: <->"XB
(fontspec)             Niloofar/OT:script=latn;language=dflt;script=arab;mappin
g=persian-tex-text;"
(fontspec)             - 'small caps'  (m/sc) with NFSS spec.: 
(fontspec)             - 'bold' (b/n) with NFSS spec.: <->"XB
(fontspec)             Niloofar/B/OT:script=latn;language=dflt;script=arab;mapp
ing=persian-tex-text;"
(fontspec)             - 'bold small caps'  (b/sc) with NFSS spec.: 
(fontspec)             - 'italic' (m/it) with NFSS spec.: <->"XB
(fontspec)             Niloofar/I/OT:script=latn;language=dflt;script=arab;mapp
ing=persian-tex-text;"
(fontspec)             - 'italic small caps'  (m/scit) with NFSS spec.: 
(fontspec)             - 'bold italic' (b/it) with NFSS spec.: <->"XB
(fontspec)             Niloofar/BI/OT:script=latn;language=dflt;script=arab;map
ping=persian-tex-text;"
(fontspec)             - 'bold italic small caps'  (b/scit) with NFSS spec.: 


Package fontspec Info: Font family 'XBNiloofar(1)' created for font 'XB
(fontspec)             Niloofar' with options [Ligatures=PersianTeX].
(fontspec)              
(fontspec)              This font family consists of the following NFSS
(fontspec)             series/shapes:
(fontspec)              
(fontspec)             - 'normal' (m/n) with NFSS spec.: <->"XB
(fontspec)             Niloofar/OT:script=latn;language=dflt;mapping=persian-te
x-text;"
(fontspec)             - 'small caps'  (m/sc) with NFSS spec.: 
(fontspec)             - 'bold' (b/n) with NFSS spec.: <->"XB
(fontspec)             Niloofar/B/OT:script=latn;language=dflt;mapping=persian-
tex-text;"
(fontspec)             - 'bold small caps'  (b/sc) with NFSS spec.: 
(fontspec)             - 'italic' (m/it) with NFSS spec.: <->"XB
(fontspec)             Niloofar/I/OT:script=latn;language=dflt;mapping=persian-
tex-text;"
(fontspec)             - 'italic small caps'  (m/scit) with NFSS spec.: 
(fontspec)             - 'bold italic' (b/it) with NFSS spec.: <->"XB
(fontspec)             Niloofar/BI/OT:script=latn;language=dflt;mapping=persian
-tex-text;"
(fontspec)             - 'bold italic small caps'  (b/scit) with NFSS spec.: 

Package xepersian-mathdigitspec Info: DefiningthedefaultPersianmathdigitsfontas
'XB Niloofar' on input line 68.
\symOPERATORS=\mathgroup4
\symnew@mathbf@font@digits=\mathgroup5
\symnew@mathit@font@digits=\mathgroup6
\symnew@mathrm@font@digits=\mathgroup7
\c@pp@a@footnote=\count424

(./fasl1.aux)
\openout1 = `fasl1.aux'.

LaTeX Font Info:    Checking defaults for OML/cmm/m/it on input line 92.
LaTeX Font Info:    ... okay on input line 92.
LaTeX Font Info:    Checking defaults for OMS/cmsy/m/n on input line 92.
LaTeX Font Info:    ... okay on input line 92.
LaTeX Font Info:    Checking defaults for OT1/cmr/m/n on input line 92.
LaTeX Font Info:    ... okay on input line 92.
LaTeX Font Info:    Checking defaults for T1/cmr/m/n on input line 92.
LaTeX Font Info:    ... okay on input line 92.
LaTeX Font Info:    Checking defaults for TS1/cmr/m/n on input line 92.
LaTeX Font Info:    Trying to load font information for TS1+cmr on input line 9
2.
 (/usr/share/texmf-dist/tex/latex/base/ts1cmr.fd
File: ts1cmr.fd 2022/07/10 v2.5l Standard LaTeX font definitions
)
LaTeX Font Info:    ... okay on input line 92.
LaTeX Font Info:    Checking defaults for TU/lmr/m/n on input line 92.
LaTeX Font Info:    ... okay on input line 92.
LaTeX Font Info:    Checking defaults for OMX/cmex/m/n on input line 92.
LaTeX Font Info:    ... okay on input line 92.
LaTeX Font Info:    Checking defaults for U/cmr/m/n on input line 92.
LaTeX Font Info:    ... okay on input line 92.

*geometry* driver: auto-detecting
*geometry* detected driver: xetex
*geometry* verbose mode - [ preamble ] result:
* driver: xetex
* paper: a4paper
* layout: <same size as paper>
* layoutoffset:(h,v)=(0.0pt,0.0pt)
* modes: 
* h-part:(L,W,R)=(57.81621pt, 481.87546pt, 57.81621pt)
* v-part:(T,H,B)=(84.0pt, 760.04684pt, 1.0pt)
* \paperwidth=597.50787pt
* \paperheight=845.04684pt
* \textwidth=481.87546pt
* \textheight=760.04684pt
* \oddsidemargin=-14.45378pt
* \evensidemargin=-14.45378pt
* \topmargin=-81.72273pt
* \headheight=14.5pt
* \headsep=28.45274pt
* \topskip=12.0pt
* \footskip=30.0pt
* \marginparwidth=35.0pt
* \marginparsep=10.0pt
* \columnsep=14.22636pt
* \skip\footins=10.8pt plus 4.0pt minus 2.0pt
* \hoffset=0.0pt
* \voffset=0.0pt
* \mag=1000
* \@twocolumnfalse
* \@twosidefalse
* \@mparswitchfalse
* \@reversemarginfalse
* (1in=72.27pt=25.4mm, 1cm=28.453pt)

(/usr/share/texmf-dist/tex/latex/ninecolors/ninecolors.sty
Package: ninecolors 2022-02-13 vv2022D Select colors with proper color contrast

)

Package chemgreek Info: Activating mapping `fontspec' on line 92.

\symgns@font=\mathgroup8
LaTeX Font Info:    Overwriting symbol font `gns@font' in version `bold'
(Font)                  TS1/XBNiloofar(0)/m/n --> TS1/XBNiloofar(0)/b/n on inpu
t line 92.
Package gensymb Info: Math companion symbols declared on input line 92.
LaTeX Info: Redefining \degree on input line 92.
LaTeX Info: Redefining \celsius on input line 92.
Package gensymb Info: Using text companion symbols for \degree, \celsius and \p
erthousand on input line 92.
LaTeX Info: Redefining \ohm on input line 92.
Package gensymb Info: Using \textohm for \ohm on input line 92.
Package gensymb Info: Using \textmu for \micro on input line 92.
LaTeX Font Info:    Font shape `TU/XBNiloofar(1)/bx/n' in size <12> not availab
le
(Font)              Font shape `TU/XBNiloofar(1)/b/n' tried instead on input li
ne 94.
LaTeX Font Info:    Font shape `TU/XBNiloofar(1)/bx/n' in size <8> not availabl
e
(Font)              Font shape `TU/XBNiloofar(1)/b/n' tried instead on input li
ne 94.
LaTeX Font Info:    Font shape `TU/XBNiloofar(1)/bx/n' in size <6> not availabl
e
(Font)              Font shape `TU/XBNiloofar(1)/b/n' tried instead on input li
ne 94.
LaTeX Font Info:    Trying to load font information for TS1+XBNiloofar(0) on in
put line 94.
LaTeX Font Info:    No file TS1XBNiloofar(0).fd. on input line 94.


LaTeX Font Warning: Font shape `TS1/XBNiloofar(0)/m/n' undefined
(Font)              using `TS1/cmr/m/n' instead on input line 94.


LaTeX Font Warning: Command \tiny invalid in math mode on input line 154.


LaTeX Font Warning: Command \tiny invalid in math mode on input line 156.


LaTeX Font Warning: Command \tiny invalid in math mode on input line 158.

[1

]
Underfull \hbox (badness 10000) in paragraph at lines 181--193
[][]
 []


Overfull \hbox (11.73236pt too wide) in paragraph at lines 202--206
[][][][]
 []

[2]
Overfull \hbox (42.3029pt too wide) in paragraph at lines 311--325
[][][] $[]$[]
 []

LaTeX Font Info:    Font shape `TU/XBNiloofar(1)/bx/n' in size <10.95> not avai
lable
(Font)              Font shape `TU/XBNiloofar(1)/b/n' tried instead on input li
ne 344.

Overfull \hbox (59.72842pt too wide) in paragraph at lines 341--351
[][][] []
 []


Overfull \hbox (35.46964pt too wide) in paragraph at lines 354--365
[][][] []
 []

[3]
LaTeX Font Info:    Font shape `TU/XBNiloofar(1)/bx/n' in size <10> not availab
le
(Font)              Font shape `TU/XBNiloofar(1)/b/n' tried instead on input li
ne 418.
LaTeX Font Info:    Font shape `TU/XBNiloofar(1)/bx/n' in size <7> not availabl
e
(Font)              Font shape `TU/XBNiloofar(1)/b/n' tried instead on input li
ne 418.


LaTeX Font Warning: Command \footnotesize invalid in math mode on input line 42
1.


Overfull \hbox (4.22653pt too wide) in paragraph at lines 436--437
[][][] []
 []


Overfull \hbox (21.85863pt too wide) in paragraph at lines 438--453
[][][] $[]$[]
 []

[4]
Overfull \hbox (41.8667pt too wide) in paragraph at lines 529--541
[][]$[]$ []
 []

[5]
Underfull \hbox (badness 10000) in paragraph at lines 588--593
[][]
 []


Underfull \hbox (badness 10000) in paragraph at lines 588--593
[][]
 []


Underfull \hbox (badness 10000) in paragraph at lines 588--593
[][]
 []


Overfull \hbox (40.65038pt too wide) in paragraph at lines 607--609
[][][] []
 []


Overfull \hbox (10.10046pt too wide) in paragraph at lines 613--629
[][][] []
 []


Underfull \hbox (badness 10000) in paragraph at lines 613--629
[][]
 []

[6]
Overfull \hbox (43.1274pt too wide) in paragraph at lines 664--675
[][]$[]$ [] []
 []

[7]
Overfull \hbox (41.8667pt too wide) in paragraph at lines 739--754
[][]$[]$ []
 []

[8]
Overfull \hbox (30.0pt too wide) in paragraph at lines 887--895
[][][] []
 []


Overfull \hbox (3.12172pt too wide) in paragraph at lines 917--918
[]\TU/XBNiloofar(0)/m/n/12  \TU/XBNiloofar(1)/m/n/12  \TU/XBNiloofar(0)/m/n
/12  \TU/XBNiloofar(1)/m/n/12 \TU/XBNiloofar(0)/m/n/12 : [] [] [] [] []
 (II) []  []   []
 []


Overfull \hbox (243.6764pt too wide) in paragraph at lines 919--926
[][] \TU/XBNiloofar(0)/m/n/12   []     .) [][]
 []


Underfull \hbox (badness 10000) in paragraph at lines 919--926
[][]
 []

[9]
Missing character: There is no  (U+25CB) in font XB Niloofar/OT:script=latn;la
nguage=dflt;script=arab;mapping=persian-tex-text;!
[10] [11] [12]
Missing character: There is no  (U+2261) in font XB Niloofar/OT:script=latn;la
nguage=dflt;script=arab;mapping=persian-tex-text;!
Missing character: There is no  (U+2190) in font XB Niloofar/OT:script=latn;la
nguage=dflt;script=arab;mapping=persian-tex-text;!
[13]
Missing character: There is no  (U+2190) in font XB Niloofar/OT:script=latn;la
nguage=dflt;script=arab;mapping=persian-tex-text;!
Missing character: There is no  (U+2190) in font XB Niloofar/OT:script=latn;la
nguage=dflt;script=arab;mapping=persian-tex-text;!
Missing character: There is no  (U+2190) in font XB Niloofar/OT:script=latn;la
nguage=dflt;script=arab;mapping=persian-tex-text;!
[14] [15]
Missing character: There is no  (U+2190) in font XB Niloofar/OT:script=latn;la
nguage=dflt;script=arab;mapping=persian-tex-text;!
Missing character: There is no  (U+2190) in font XB Niloofar/OT:script=latn;la
nguage=dflt;script=arab;mapping=persian-tex-text;!
[16]
Missing character: There is no  (U+2190) in font XB Niloofar/OT:script=latn;la
nguage=dflt;script=arab;mapping=persian-tex-text;!
Missing character: There is no  (U+2190) in font XB Niloofar/OT:script=latn;la
nguage=dflt;script=arab;mapping=persian-tex-text;!
Missing character: There is no  (U+2190) in font XB Niloofar/OT:script=latn;la
nguage=dflt;script=arab;mapping=persian-tex-text;!
Missing character: There is no  (U+2261) in font XB Niloofar/OT:script=latn;la
nguage=dflt;script=arab;mapping=persian-tex-text;!
Missing character: There is no  (U+2261) in font XB Niloofar/OT:script=latn;la
nguage=dflt;script=arab;mapping=persian-tex-text;!
[17]
Missing character: There is no  (U+2190) in font XB Niloofar/OT:script=latn;la
nguage=dflt;script=arab;mapping=persian-tex-text;!
Missing character: There is no  (U+2190) in font XB Niloofar/OT:script=latn;la
nguage=dflt;script=arab;mapping=persian-tex-text;!
Missing character: There is no  (U+2190) in font XB Niloofar/OT:script=latn;la
nguage=dflt;script=arab;mapping=persian-tex-text;!
Missing character: There is no  (U+2190) in font XB Niloofar/OT:script=latn;la
nguage=dflt;script=arab;mapping=persian-tex-text;!
Missing character: There is no  (U+2190) in font XB Niloofar/OT:script=latn;la
nguage=dflt;script=arab;mapping=persian-tex-text;!
Missing character: There is no  (U+2190) in font XB Niloofar/OT:script=latn;la
nguage=dflt;script=arab;mapping=persian-tex-text;!
Missing character: There is no  (U+21C4) in font XB Niloofar/OT:script=latn;la
nguage=dflt;script=arab;mapping=persian-tex-text;!
[18] [19] (./fasl1.aux)

LaTeX Font Warning: Some font shapes were not available, defaults substituted.

 ) 
Here is how much of TeX's memory you used:
 28493 strings out of 478673
 664995 string characters out of 5849397
 1880018 words of memory out of 5000000
 47990 multiletter control sequences out of 15000+600000
 520075 words of font info for 109 fonts, out of 8000000 for 9000
 14 hyphenation exceptions out of 8191
 115i,31n,118p,2402b,1517s stack positions out of 10000i,1000n,20000p,200000b,200000s

Output written on fasl1.pdf (19 pages).
